app/build/intermediates/manifest_merge_blame_file/debug/manifest-merger-blame-debug-report.txt
1<?xml version="1.0" encoding="utf-8"?>
2<manifest xmlns:android="http://schemas.android.com/apk/res/android"
3    package="com.xstudioo.myfrigo"
4    android:versionCode="1"
5    android:versionName="1.0" >
6
7    <uses-sdk
8        android:minSdkVersion="22"
8-->src\main\AndroidManifest.xml
9        android:targetSdkVersion="28" />
9-->src\main\AndroidManifest.xml
10
11    <application
11-->src\main\AndroidManifest.xml:5:5-32:19
12        android:allowBackup="true"
12-->src\main\AndroidManifest.xml:6:9-35
13        android:appComponentFactory="androidx.core.app.CoreComponentFactory"
13-->[androidx.core:core:1.0.0] AndroidManifest.xml:22:18-86
14        android:debuggable="true"
15        android:icon="@mipmap/ic_launcher"
15-->src\main\AndroidManifest.xml:7:9-43
16        android:label="@string/app_name"
16-->src\main\AndroidManifest.xml:8:9-41
17        android:roundIcon="@mipmap/ic_launcher_round"
17-->src\main\AndroidManifest.xml:9:9-54
18        android:supportsRtl="true"
18-->src\main\AndroidManifest.xml:10:9-35
19        android:testOnly="true"
20        android:theme="@style/AppTheme" >
20-->src\main\AndroidManifest.xml:11:9-40
21        <activity
21-->src\main\AndroidManifest.xml:12:9-13:58
22            android:name="com.xstudioo.myfrigo.SettingsActivity"
22-->src\main\AndroidManifest.xml:12:19-71
23            android:theme="@style/AppTheme.NoActionBar" />
23-->src\main\AndroidManifest.xml:13:13-56
24        <activity
24-->src\main\AndroidManifest.xml:14:9-15:58
25            android:name="com.xstudioo.myfrigo.RecipeActivity"
25-->src\main\AndroidManifest.xml:14:19-69
26            android:theme="@style/AppTheme.NoActionBar" />
26-->src\main\AndroidManifest.xml:15:13-56
27        <activity android:name="com.xstudioo.myfrigo.Splash" >
27-->src\main\AndroidManifest.xml:16:9-22:20
27-->src\main\AndroidManifest.xml:16:19-61
28            <intent-filter>
28-->src\main\AndroidManifest.xml:17:13-21:29
29                <action android:name="android.intent.action.MAIN" />
29-->src\main\AndroidManifest.xml:18:17-69
29-->src\main\AndroidManifest.xml:18:25-66
30
31                <category android:name="android.intent.category.LAUNCHER" />
31-->src\main\AndroidManifest.xml:20:17-77
31-->src\main\AndroidManifest.xml:20:27-74
32            </intent-filter>
33        </activity>
34        <activity android:name="com.xstudioo.myfrigo.LoginActivity" />
34-->src\main\AndroidManifest.xml:23:9-71
34-->src\main\AndroidManifest.xml:23:19-68
35        <activity android:name="com.xstudioo.myfrigo.Details" >
35-->src\main\AndroidManifest.xml:24:9-28:20
35-->src\main\AndroidManifest.xml:24:19-62
36            <meta-data
36-->src\main\AndroidManifest.xml:25:13-27:69
37                android:name="android.support.PARENT_ACTIVITY"
37-->src\main\AndroidManifest.xml:26:17-63
38                android:value="com.xstudioo.myfrigo.MainActivity" />
38-->src\main\AndroidManifest.xml:27:17-66
39        </activity>
40        <activity
40-->src\main\AndroidManifest.xml:29:9-31:59
41            android:name="com.xstudioo.myfrigo.MainActivity"
41-->src\main\AndroidManifest.xml:30:13-61
42            android:theme="@style/AppTheme.NoActionBar" />
42-->src\main\AndroidManifest.xml:31:13-56
43    </application>
44
45</manifest>